<?xml version="1.0" encoding="UTF-8"?>
<testng-results skipped="0" failed="0" total="1" passed="1">
  <reporter-output>
  </reporter-output>
  <suite name="Default suite" duration-ms="75262" started-at="2019-07-27T08:12:28Z" finished-at="2019-07-27T08:13:43Z">
    <groups>
    </groups>
    <test name="Default test" duration-ms="75262" started-at="2019-07-27T08:12:28Z" finished-at="2019-07-27T08:13:43Z">
      <class name="com.testcase.MyFirstTest">
        <test-method status="PASS" signature="test()[pri:0, instance:com.testcase.MyFirstTest@6de728]" name="test" duration-ms="75134" started-at="2019-07-27T13:42:28Z" finished-at="2019-07-27T13:43:43Z">
          <reporter-output>
          </reporter-output>
        </test-method> <!-- test -->
      </class> <!-- com.testcase.MyFirstTest -->
    </test> <!-- Default test -->
  </suite> <!-- Default suite -->
</testng-results>
